0 info it worked if it ends with ok
1 verbose cli [ '/usr/local/bin/iojs', '/usr/local/bin/npm', 'publish' ]
2 info using npm@2.10.1
3 info using node@v2.1.0
4 verbose publish [ '.' ]
5 silly cache add args [ '.', null ]
6 verbose cache add spec .
7 silly cache add parsed spec { raw: '.',
7 silly cache add   scope: null,
7 silly cache add   name: null,
7 silly cache add   rawSpec: '.',
7 silly cache add   spec: '/home/rich/code/projects/JS/easy-test',
7 silly cache add   type: 'directory' }
8 verbose addLocalDirectory /home/rich/.npm/easy-test/0.0.1/package.tgz not in flight; packing
9 verbose tar pack [ '/home/rich/.npm/easy-test/0.0.1/package.tgz',
9 verbose tar pack   '/home/rich/code/projects/JS/easy-test' ]
10 verbose tarball /home/rich/.npm/easy-test/0.0.1/package.tgz
11 verbose folder /home/rich/code/projects/JS/easy-test
12 info prepublish easy-test@0.0.1
13 verbose addLocalTarball adding from inside cache /home/rich/.npm/easy-test/0.0.1/package.tgz
14 silly cache afterAdd easy-test@0.0.1
15 verbose afterAdd /home/rich/.npm/easy-test/0.0.1/package/package.json not in flight; writing
16 verbose afterAdd /home/rich/.npm/easy-test/0.0.1/package/package.json written
17 silly publish { name: 'easy-test',
17 silly publish   version: '0.0.1',
17 silly publish   description: 'a straightforward testing framework for node.js',
17 silly publish   main: 'index.js',
17 silly publish   keywords: [ 'test', 'easy' ],
17 silly publish   scripts: { test: 'echo "Error: no test specified" && exit 1' },
17 silly publish   author: { name: 'Rich Soni' },
17 silly publish   license: 'ISC',
17 silly publish   readme: '# Easy Test\n\nA straightforward test suite for node.js\n\n## Installation\n\n```\n$  npm install --save-dev easy-test\n```\n\n# Usage\n\nSet test script:\n\n```\n//in package.json\nscripts: {\n  test: "node ./test/index.js"\n}\n```\n\nRun tests on invocation:\n```\n//in test/index.js\neasyTest = require(\'easy-test\')\neasyTest.run({\n  dir: {DIR} // defaults to ./test/tests\n  files: {FILES} //defaults to *.js (is a shell glob like used in find . -name {FILES})\n})\n```\n\n# TODO\n\n* Async tests\n',
17 silly publish   readmeFilename: 'README.md',
17 silly publish   gitHead: '96bd556835b9d109a03bb4879cfdcf4ca8e24502',
17 silly publish   _id: 'easy-test@0.0.1',
17 silly publish   _shasum: 'b66acffe16ae2861907de42e9c9bad2ae5b226b5',
17 silly publish   _from: '.' }
18 verbose getPublishConfig undefined
19 silly mapToRegistry name easy-test
20 silly mapToRegistry using default registry
21 silly mapToRegistry registry https://registry.npmjs.org/
22 silly mapToRegistry uri https://registry.npmjs.org/easy-test
23 verbose publish registryBase https://registry.npmjs.org/
24 silly publish uploading /home/rich/.npm/easy-test/0.0.1/package.tgz
25 verbose request uri https://registry.npmjs.org/easy-test
26 verbose request sending authorization for write operation
27 info attempt registry request try #1 at 10:19:28
28 verbose request using bearer token for auth
29 verbose request id 2eb64852fb2f2b22
30 http request PUT https://registry.npmjs.org/easy-test
31 http 403 https://registry.npmjs.org/easy-test
32 verbose headers { 'content-type': 'application/json',
32 verbose headers   'cache-control': 'max-age=60',
32 verbose headers   'content-length': '101',
32 verbose headers   'accept-ranges': 'bytes',
32 verbose headers   date: 'Mon, 27 Jul 2015 14:14:55 GMT',
32 verbose headers   via: '1.1 varnish',
32 verbose headers   connection: 'keep-alive',
32 verbose headers   'x-served-by': 'cache-jfk1027-JFK',
32 verbose headers   'x-cache': 'MISS',
32 verbose headers   'x-cache-hits': '0',
32 verbose headers   'x-timer': 'S1438006494.610030,VS0,VE727' }
33 verbose request invalidating /home/rich/.npm/registry.npmjs.org/easy-test on PUT
34 error publish Failed PUT 403
35 verbose stack Error: You do not have permission to publish 'easy-test'. Are you logged in as the correct user? : easy-test
35 verbose stack     at CachingRegistryClient.<anonymous> (/usr/local/lib/node_modules/npm/node_modules/npm-registry-client/lib/request.js:247:14)
35 verbose stack     at Request._callback (/usr/local/lib/node_modules/npm/node_modules/npm-registry-client/lib/request.js:170:14)
35 verbose stack     at Request.self.callback (/usr/local/lib/node_modules/npm/node_modules/request/request.js:368:22)
35 verbose stack     at emitTwo (events.js:87:13)
35 verbose stack     at Request.emit (events.js:172:7)
35 verbose stack     at Request.<anonymous> (/usr/local/lib/node_modules/npm/node_modules/request/request.js:1219:14)
35 verbose stack     at emitOne (events.js:82:20)
35 verbose stack     at Request.emit (events.js:169:7)
35 verbose stack     at IncomingMessage.<anonymous> (/usr/local/lib/node_modules/npm/node_modules/request/request.js:1167:12)
35 verbose stack     at emitNone (events.js:72:20)
36 verbose statusCode 403
37 verbose pkgid easy-test
38 verbose cwd /home/rich/code/projects/JS/easy-test
39 error Linux 4.0.7-2-ARCH
40 error argv "/usr/local/bin/iojs" "/usr/local/bin/npm" "publish"
41 error node v2.1.0
42 error npm  v2.10.1
43 error code E403
44 error You do not have permission to publish 'easy-test'. Are you logged in as the correct user? : easy-test
45 error If you need help, you may report this error at:
45 error     <https://github.com/npm/npm/issues>
46 verbose exit [ 1, true ]
